<?xml version="1.0" encoding="UTF-8"?>
<!-- Generated by org.testng.reporters.JUnitReportReporter -->
<testsuite hostname="IND-CST-L03" failures="0" tests="5" name="Com.Ecommerce.TestCases.TC_LoginTestcasesDDT" time="46.668" errors="0" timestamp="2023-07-22T16:49:27 IST" skipped="0">
  <testcase classname="Com.Ecommerce.TestCases.TC_LoginTestcasesDDT" name="LoginTest" time="8.678"/>
  <system-out/>
  <testcase classname="Com.Ecommerce.TestCases.TC_LoginTestcasesDDT" name="LoginTest" time="10.819"/>
  <system-out/>
  <testcase classname="Com.Ecommerce.TestCases.TC_LoginTestcasesDDT" name="LoginTest" time="9.317"/>
  <system-out/>
  <testcase classname="Com.Ecommerce.TestCases.TC_LoginTestcasesDDT" name="LoginTest" time="8.525"/>
  <system-out/>
  <testcase classname="Com.Ecommerce.TestCases.TC_LoginTestcasesDDT" name="LoginTest" time="9.329"/>
  <system-out/>
</testsuite> <!-- Com.Ecommerce.TestCases.TC_LoginTestcasesDDT -->
