<?xml version="1.0" encoding="UTF-8"?>
<!-- Generated by org.testng.reporters.JUnitReportReporter -->
<testsuite hostname="IND-CST-L03" failures="0" tests="1" name="Com.Ecommerce.TestCases.TC_BrokenLinks" time="56.068" errors="0" timestamp="2023-07-22T16:49:27 IST" skipped="0">
  <testcase classname="Com.Ecommerce.TestCases.TC_BrokenLinks" name="BrokenLinks" time="56.068"/>
  <system-out/>
</testsuite> <!-- Com.Ecommerce.TestCases.TC_BrokenLinks -->
