<?xml version="1.0" encoding="UTF-8"?>
<!-- Generated by org.testng.reporters.JUnitReportReporter -->
<testsuite hostname="IND-CST-L03" failures="0" tests="1" name="Com.Ecommerce.TestCases.TC_AddToCartTestCases" time="11.532" errors="0" timestamp="2023-07-22T16:49:27 IST" skipped="0">
  <testcase classname="Com.Ecommerce.TestCases.TC_AddToCartTestCases" name="AddProduct" time="11.532"/>
  <system-out/>
</testsuite> <!-- Com.Ecommerce.TestCases.TC_AddToCartTestCases -->
