<?xml version="1.0" encoding="UTF-8"?>
<!-- Generated by org.testng.reporters.JUnitReportReporter -->
<testsuite hostname="IND-CST-L03" failures="0" tests="1" name="Com.Ecommerce.TestCases.TC_NewRegistrationTestCases" time="15.697" errors="0" timestamp="2023-07-27T10:30:12 IST" skipped="0">
  <testcase classname="Com.Ecommerce.TestCases.TC_NewRegistrationTestCases" name="Registration" time="15.697"/>
  <system-out/>
</testsuite> <!-- Com.Ecommerce.TestCases.TC_NewRegistrationTestCases -->
